INFO:root:learn mode triggered ar time/date 2019-07-17 21:57:53.348790
INFO:root:Face Saved as josh at time/date 2019-07-17 21:57:58.499522
INFO:root:Face Saved as josh at time/date 2019-07-17 21:58:06.614474
INFO:root:Face Saved as josh at time/date 2019-07-17 21:58:12.542811
INFO:root:Face Saved as josh at time/date 2019-07-17 21:58:24.485700
INFO:root:Face Saved as josh at time/date 2019-07-17 21:58:28.793186
INFO:root:Face Saved as josh at time/date 2019-07-17 21:58:48.336632
INFO:root:learn mode triggered ar time/date 2019-07-17 21:59:07.525156
INFO:root:open door for josh at time/date 2019-07-17 21:59:07.611372
INFO:root:open door for josh at time/date 2019-07-17 22:05:37.096117
INFO:root:learn mode triggered ar time/date 2019-07-18 19:11:46.517275
INFO:root:open door for josh at time/date 2019-07-18 22:26:08.041780
INFO:root:learn mode triggered ar time/date 2019-07-18 22:27:31.809789
INFO:root:Face Saved as josh at time/date 2019-07-18 22:27:57.587384
INFO:root:Face Saved as josh at time/date 2019-07-18 22:28:06.138631
INFO:root:learn mode triggered ar time/date 2019-07-18 22:28:10.732287
INFO:root:open door for josh at time/date 2019-07-18 22:28:14.771656
INFO:root:open door for josh at time/date 2019-07-18 22:28:24.954846
INFO:root:open door for josh at time/date 2019-07-18 22:28:35.201633
INFO:root:open door for josh at time/date 2019-07-18 23:02:42.600259
INFO:root:open door for josh at time/date 2019-07-18 23:03:40.910797
INFO:root:open door for josh at time/date 2019-07-18 23:03:51.112981
INFO:root:open door for josh at time/date 2019-07-18 23:04:19.910398
INFO:root:open door for josh at time/date 2019-07-18 23:04:33.592903
INFO:root:open door for josh at time/date 2019-07-18 23:04:43.807246
INFO:root:open door for josh at time/date 2019-07-18 23:04:53.896530
INFO:root:open door for josh at time/date 2019-07-18 23:05:14.634642
INFO:root:open door for josh at time/date 2019-07-18 23:06:14.838409
INFO:root:open door for josh at time/date 2019-07-18 23:06:31.960968
INFO:root:open door for josh at time/date 2019-07-18 23:06:58.742789
INFO:root:open door for josh at time/date 2019-07-18 23:07:08.819094
INFO:root:open door for josh at time/date 2019-07-18 23:07:18.906355
INFO:root:open door for josh at time/date 2019-07-19 21:49:44.493798
INFO:root:open door for josh at time/date 2019-07-19 21:50:07.725073
INFO:root:open door for josh at time/date 2019-07-19 21:50:18.111856
INFO:root:open door for josh at time/date 2019-07-19 21:50:33.043684
INFO:root:open door for josh at time/date 2019-07-19 21:54:44.224237
INFO:root:open door for josh at time/date 2019-07-19 21:55:10.237458
INFO:root:open door for josh at time/date 2019-07-20 12:04:17.516876
INFO:root:open door for josh at time/date 2019-07-20 12:04:34.607771
INFO:root:open door for josh at time/date 2019-07-20 12:04:44.734168
INFO:root:open door for josh at time/date 2019-07-20 12:04:54.892866
INFO:root:learn mode triggered ar time/date 2019-07-20 12:05:11.168193
INFO:root:Face Saved as sam at time/date 2019-07-20 12:05:20.624671
INFO:root:learn mode triggered ar time/date 2019-07-20 12:05:25.960998
INFO:root:open door for sam at time/date 2019-07-20 12:05:26.100964
INFO:root:open door for sam at time/date 2019-07-20 12:05:41.425456
INFO:root:open door for josh at time/date 2019-07-20 12:05:53.890053
INFO:root:open door for josh at time/date 2019-07-20 12:06:08.098391
INFO:root:open door for josh at time/date 2019-07-21 14:29:53.241876
INFO:root:open door for josh at time/date 2019-07-21 14:30:03.521111
INFO:root:open door for josh at time/date 2019-07-21 14:43:07.711939
INFO:root:open door for josh at time/date 2019-07-21 14:43:17.906990
INFO:root:open door for josh at time/date 2019-07-21 14:43:27.978611
INFO:root:open door for josh at time/date 2019-07-21 14:43:38.229179
INFO:root:open door for josh at time/date 2019-07-21 14:44:14.645234
INFO:root:open door for josh at time/date 2019-07-21 14:44:55.272557
INFO:root:open door for josh at time/date 2019-07-21 14:45:13.031226
INFO:root:open door for josh at time/date 2019-07-21 14:45:23.101810
INFO:root:open door for josh at time/date 2019-07-21 14:45:35.054752
INFO:root:open door for josh at time/date 2019-07-21 14:45:49.076935
INFO:root:open door for josh at time/date 2019-07-21 14:54:16.551094
INFO:root:open door for josh at time/date 2019-07-21 14:55:07.674479
INFO:root:open door for josh at time/date 2019-07-21 14:57:28.686528
INFO:root:learn mode triggered ar time/date 2019-07-21 15:11:55.539052
INFO:root:learn mode triggered ar time/date 2019-07-21 15:13:06.474172
INFO:root:learn mode triggered ar time/date 2019-07-21 15:16:40.484861
INFO:root:Face Saved as phoebe at time/date 2019-07-21 15:17:02.804543
INFO:root:open door for phoebe at time/date 2019-07-21 15:17:49.525477
INFO:root:open door for josh at time/date 2019-07-21 15:19:11.636967
INFO:root:open door for josh at time/date 2019-07-21 15:19:54.593905
INFO:root:open door for josh at time/date 2019-07-21 15:20:36.675897
INFO:root:learn mode triggered ar time/date 2019-07-21 15:20:54.487976
INFO:root:Face Saved as josh at time/date 2019-07-21 15:22:15.600687
INFO:root:open door for josh at time/date 2019-07-21 15:24:01.559147
INFO:root:open door for josh at time/date 2019-07-21 15:25:26.642475
INFO:root:open door for josh at time/date 2019-07-21 15:26:08.665324
INFO:root:open door for phoebe at time/date 2019-07-21 15:30:48.639288
INFO:root:open door for josh at time/date 2019-07-21 15:31:26.580681
INFO:root:open door for josh at time/date 2019-07-21 15:33:30.638274
INFO:root:open door for phoebe at time/date 2019-07-21 15:34:43.661808
INFO:root:open door for josh at time/date 2019-07-21 15:36:28.909572
INFO:root:open door for josh at time/date 2019-07-21 15:37:10.585772
INFO:root:open door for josh at time/date 2019-07-21 16:09:39.597605
INFO:root:open door for josh at time/date 2019-07-21 16:10:13.600083
INFO:root:learn mode triggered ar time/date 2019-07-21 16:11:03.450940
INFO:root:Face Saved as dad at time/date 2019-07-21 16:11:14.209613
INFO:root:learn mode triggered ar time/date 2019-07-21 16:11:45.423161
INFO:root:open door for dad at time/date 2019-07-21 16:12:56.583952
INFO:root:open door for dad at time/date 2019-07-21 16:13:59.572988
INFO:root:learn mode triggered ar time/date 2019-07-21 16:14:46.450223
INFO:root:Face Saved as rebbcca at time/date 2019-07-21 16:15:55.148628
INFO:root:Face Saved as rebbcca at time/date 2019-07-21 16:16:08.075121
INFO:root:Face Saved as rebbcca at time/date 2019-07-21 16:16:14.950083
INFO:root:learn mode triggered ar time/date 2019-07-21 16:16:17.513358
INFO:root:open door for rebbcca at time/date 2019-07-21 16:16:49.377479
INFO:root:open door for josh at time/date 2019-07-21 16:21:00.544444
INFO:root:open door for josh at time/date 2019-07-21 16:23:13.614679
INFO:root:open door for dad at time/date 2019-07-21 17:17:03.516380
INFO:root:open door for josh at time/date 2019-07-21 18:00:21.555568
INFO:root:open door for dad at time/date 2019-07-22 13:00:49.302147
INFO:root:open door for josh at time/date 2019-07-22 16:37:49.667381
INFO:root:open door for phoebe at time/date 2019-07-22 16:38:12.560418
INFO:root:open door for josh at time/date 2019-07-22 16:38:43.649049
INFO:root:open door for josh at time/date 2019-07-22 17:40:01.528244
INFO:root:open door for josh at time/date 2019-07-22 17:41:12.549630
INFO:root:open door for josh at time/date 2019-07-22 17:43:36.543652
INFO:root:open door for josh at time/date 2019-07-22 17:44:22.601469
INFO:root:open door for josh at time/date 2019-07-22 17:55:34.390343
INFO:root:open door for josh at time/date 2019-07-22 17:55:44.627252
INFO:root:open door for josh at time/date 2019-07-22 17:58:07.510819
INFO:root:open door for dad at time/date 2019-07-23 15:41:22.962817
INFO:root:open door for phoebe at time/date 2019-07-23 16:00:02.671475
INFO:root:open door for josh at time/date 2019-07-23 16:26:53.673878
INFO:root:open door for josh at time/date 2019-07-24 17:41:57.014507
INFO:root:open door for josh at time/date 2019-07-24 18:48:50.850937
INFO:root:open door for josh at time/date 2019-07-24 20:57:36.537620
INFO:root:open door for josh at time/date 2019-07-25 18:10:31.758841
INFO:root:open door for josh at time/date 2019-07-25 19:52:49.247780
INFO:root:open door for josh at time/date 2019-07-25 20:09:36.561245
INFO:root:open door for josh at time/date 2019-07-25 20:09:53.529884
INFO:root:open door for josh at time/date 2019-07-25 20:12:03.570096
INFO:root:learn mode triggered ar time/date 2019-07-25 20:15:13.421421
INFO:root:Face Saved as kevin at time/date 2019-07-25 20:15:41.645116
INFO:root:learn mode triggered ar time/date 2019-07-25 20:15:50.550019
INFO:root:open door for kevin at time/date 2019-07-25 20:15:51.551982
INFO:root:learn mode triggered ar time/date 2019-07-25 20:16:01.447943
INFO:root:learn mode triggered ar time/date 2019-07-25 20:16:04.424007
INFO:root:open door for phoebe at time/date 2019-07-26 15:44:53.720286
INFO:root:open door for phoebe at time/date 2019-07-26 15:56:05.714833
INFO:root:open door for josh at time/date 2019-07-26 16:23:22.688902
INFO:root:open door for josh at time/date 2019-07-26 16:30:49.671067
INFO:root:open door for josh at time/date 2019-07-26 16:40:24.717936
INFO:root:learn mode triggered ar time/date 2019-07-26 16:44:00.562327
INFO:root:Face Saved as ann at time/date 2019-07-26 16:44:27.091574
INFO:root:Face Saved as ann at time/date 2019-07-26 16:44:34.112701
INFO:root:learn mode triggered ar time/date 2019-07-26 16:44:42.685358
INFO:root:open door for ann at time/date 2019-07-26 16:44:43.733180
INFO:root:open door for ann at time/date 2019-07-26 16:44:55.720575
INFO:root:open door for ann at time/date 2019-07-26 16:45:16.662663
INFO:root:learn mode triggered ar time/date 2019-07-26 16:49:03.574316
INFO:root:Face Saved as ann at time/date 2019-07-26 16:49:11.564416
INFO:root:learn mode triggered ar time/date 2019-07-26 16:49:39.709914
INFO:root:open door for ann at time/date 2019-07-26 16:49:40.704125
INFO:root:learn mode triggered ar time/date 2019-07-26 20:39:13.469963
INFO:root:Face Saved as kevin at time/date 2019-07-26 20:39:22.509949
INFO:root:Face Saved as kevin at time/date 2019-07-26 20:40:07.147891
INFO:root:learn mode triggered ar time/date 2019-07-26 20:40:45.510596
INFO:root:open door for kevin at time/date 2019-07-26 20:40:46.524343
INFO:root:open door for josh at time/date 2019-07-27 09:43:47.993492
INFO:root:open door for josh at time/date 2019-07-27 12:13:54.490530
INFO:root:open door for josh at time/date 2019-07-27 12:14:43.538947
INFO:root:open door for josh at time/date 2019-07-27 12:15:08.477958
INFO:root:open door for josh at time/date 2019-07-27 12:15:34.499722
INFO:root:open door for josh at time/date 2019-07-27 12:15:46.485765
INFO:root:open door for josh at time/date 2019-07-27 13:23:42.451609
INFO:root:open door for josh at time/date 2019-07-27 14:34:12.426543
INFO:root:open door for josh at time/date 2019-07-27 14:50:36.358838
INFO:root:open door for josh at time/date 2019-07-27 14:56:52.453398
INFO:root:open door for josh at time/date 2019-07-27 14:57:20.380009
INFO:root:open door for josh at time/date 2019-07-27 14:58:07.370115
INFO:root:open door for josh at time/date 2019-07-27 14:58:23.399215
INFO:root:open door for josh at time/date 2019-07-27 15:00:08.410992
INFO:root:open door for josh at time/date 2019-07-27 15:00:53.400577
INFO:root:open door for josh at time/date 2019-07-27 15:01:56.425614
INFO:root:learn mode triggered ar time/date 2019-07-27 15:03:08.261072
INFO:root:Face Saved as rebecca at time/date 2019-07-27 15:03:43.114988
INFO:root:learn mode triggered ar time/date 2019-07-27 15:03:51.262851
INFO:root:open door for rebecca at time/date 2019-07-27 15:03:54.397388
INFO:root:learn mode triggered ar time/date 2019-07-27 15:04:27.252146
INFO:root:Face Saved as rebcca at time/date 2019-07-27 15:04:50.843559
INFO:root:Face Saved as rebecca at time/date 2019-07-27 15:05:01.505819
INFO:root:Face Saved as rebbecca at time/date 2019-07-27 15:05:07.405759
INFO:root:Face Saved as rebecca at time/date 2019-07-27 15:05:16.802958
INFO:root:Face Saved as rebecca at time/date 2019-07-27 15:05:21.776207
INFO:root:Face Saved as rebbecca at time/date 2019-07-27 15:05:28.824659
INFO:root:open door for rebecca at time/date 2019-07-27 15:05:57.120944
INFO:root:open door for dad at time/date 2019-07-27 15:11:51.405019
INFO:root:open door for dad at time/date 2019-07-27 15:12:58.387233
INFO:root:learn mode triggered ar time/date 2019-07-27 15:13:50.354831
INFO:root:Face Saved as kevin at time/date 2019-07-27 15:13:57.320456
INFO:root:learn mode triggered ar time/date 2019-07-27 15:14:17.253285
INFO:root:open door for rebecca at time/date 2019-07-27 15:16:35.475976
INFO:root:open door for josh at time/date 2019-07-27 15:20:44.406634
INFO:root:learn mode triggered ar time/date 2019-07-27 15:21:15.273505
INFO:root:learn mode triggered ar time/date 2019-07-27 15:21:22.255428
INFO:root:learn mode triggered ar time/date 2019-07-27 15:21:26.254074
INFO:root:Face Saved as sam at time/date 2019-07-27 15:21:33.713004
INFO:root:Face Saved as sam at time/date 2019-07-27 15:21:36.620342
INFO:root:learn mode triggered ar time/date 2019-07-27 15:21:49.252407
INFO:root:open door for sam at time/date 2019-07-27 15:21:52.427135
INFO:root:open door for sam at time/date 2019-07-27 15:22:03.369146
INFO:root:open door for sam at time/date 2019-07-27 15:22:30.423838
INFO:root:open door for josh at time/date 2019-07-27 15:48:43.360527
INFO:root:open door for josh at time/date 2019-07-27 15:49:09.392919
INFO:root:open door for josh at time/date 2019-07-27 15:49:37.451928
INFO:root:open door for josh at time/date 2019-07-27 16:19:00.468665
INFO:root:open door for josh at time/date 2019-07-27 21:13:46.174849
INFO:root:open door for josh at time/date 2019-07-27 21:23:50.113079
INFO:root:open door for sam at time/date 2019-07-28 09:07:48.574654
INFO:root:open door for josh at time/date 2019-07-28 14:41:36.387731
INFO:root:open door for josh at time/date 2019-07-28 17:26:38.250343
INFO:root:open door for josh at time/date 2019-07-28 18:41:06.168833
INFO:root:open door for dad at time/date 2019-07-29 15:33:22.262476
INFO:root:open door for rebbecca at time/date 2019-07-29 15:47:18.281646
INFO:root:open door for josh at time/date 2019-07-29 17:26:31.256157
INFO:root:open door for josh at time/date 2019-07-29 17:36:50.210570
INFO:root:open door for kevin at time/date 2019-07-30 12:23:25.365715
INFO:root:open door for phoebe at time/date 2019-07-30 15:55:11.280495
INFO:root:open door for rebecca at time/date 2019-07-30 16:10:49.250041
INFO:root:open door for josh at time/date 2019-07-30 16:20:10.195730
INFO:root:open door for phoebe at time/date 2019-07-31 14:17:51.201254
INFO:root:open door for josh at time/date 2019-07-31 16:39:56.073351
INFO:root:open door for josh at time/date 2019-08-01 16:21:47.092408
INFO:root:open door for ann at time/date 2019-08-01 18:30:30.888279
INFO:root:open door for phoebe at time/date 2019-08-02 15:44:38.035551
INFO:root:open door for josh at time/date 2019-08-02 16:20:45.023759
INFO:root:open door for josh at time/date 2019-08-02 16:44:55.927688
INFO:root:open door for josh at time/date 2019-08-02 17:49:35.772939
INFO:root:open door for kevin at time/date 2019-08-02 22:38:53.631997
INFO:root:open door for sam at time/date 2019-08-03 09:24:31.172506
INFO:root:open door for josh at time/date 2019-08-03 10:32:50.075952
INFO:root:open door for josh at time/date 2019-08-03 12:18:07.076125
INFO:root:open door for josh at time/date 2019-08-03 13:26:01.998232
INFO:root:open door for josh at time/date 2019-08-03 15:05:19.032950
INFO:root:open door for sam at time/date 2019-08-03 16:15:31.892097
INFO:root:open door for phoebe at time/date 2019-08-03 16:18:56.910812
INFO:root:open door for josh at time/date 2019-08-03 17:41:46.780264
INFO:root:open door for josh at time/date 2019-08-03 17:53:17.784933
INFO:root:open door for josh at time/date 2019-08-03 18:11:49.794674
INFO:root:open door for josh at time/date 2019-08-03 18:17:15.858536
INFO:root:open door for josh at time/date 2019-08-03 23:52:49.510426
INFO:root:open door for phoebe at time/date 2019-08-04 11:06:13.026098
INFO:root:open door for josh at time/date 2019-08-04 11:36:39.035856
INFO:root:open door for josh at time/date 2019-08-04 11:54:58.943752
INFO:root:open door for josh at time/date 2019-08-04 18:48:47.769735
INFO:root:open door for josh at time/date 2019-08-04 18:49:27.652030
INFO:root:open door for josh at time/date 2019-08-05 06:32:26.177915
INFO:root:open door for josh at time/date 2019-08-05 17:21:29.688760
INFO:root:open door for josh at time/date 2019-08-05 17:26:57.682423
INFO:root:open door for josh at time/date 2019-08-06 16:25:46.685265
INFO:root:open door for josh at time/date 2019-08-08 18:03:13.332863
INFO:root:open door for josh at time/date 2019-08-08 18:41:12.234780
INFO:root:open door for josh at time/date 2019-08-08 19:11:39.211412
INFO:root:open door for josh at time/date 2019-08-08 19:45:08.253012
INFO:root:open door for josh at time/date 2019-08-09 07:43:09.699276
INFO:root:open door for josh at time/date 2019-08-09 21:40:40.253646
INFO:root:open door for phoebe at time/date 2019-08-10 10:43:07.633616
INFO:root:open door for josh at time/date 2019-08-10 11:46:36.635427
INFO:root:open door for josh at time/date 2019-08-10 12:00:56.639634
INFO:root:open door for josh at time/date 2019-08-10 12:47:37.702691
INFO:root:open door for josh at time/date 2019-08-10 13:03:41.716180
INFO:root:open door for sam at time/date 2019-08-10 18:23:16.875521
INFO:root:open door for josh at time/date 2019-08-10 18:47:16.880540
INFO:root:open door for josh at time/date 2019-08-11 03:16:22.119571
INFO:root:open door for sam at time/date 2019-08-11 09:03:34.358464
INFO:root:open door for kevin at time/date 2019-08-11 12:33:17.456227
INFO:root:open door for sam at time/date 2019-08-11 14:03:01.508953
INFO:root:open door for josh at time/date 2019-08-11 15:48:44.578591
INFO:root:open door for josh at time/date 2019-10-31 20:50:11.351690
INFO:root:open door for josh at time/date 2019-10-31 20:50:22.602343
INFO:root:open door for josh at time/date 2019-10-31 21:01:09.206786
INFO:root:open door for josh at time/date 2019-10-31 21:01:19.645855
INFO:root:open door for josh at time/date 2019-10-31 21:13:05.512141
